\BOOKMARK [0][-]{chapter.1}{Modelo de negocios}{}% 1
\BOOKMARK [1][-]{section.1.1}{Reglas de Negocio}{chapter.1}% 2
\BOOKMARK [0][-]{chapter.2}{Modelo de comportamiento}{}% 3
\BOOKMARK [1][-]{section.2.1}{CU2.1 Registrar material}{chapter.2}% 4
\BOOKMARK [2][-]{subsection.2.1.1}{Descripci\363n completa}{section.2.1}% 5
\BOOKMARK [2][-]{subsection.2.1.2}{Atributos importantes}{section.2.1}% 6
\BOOKMARK [2][-]{subsection.2.1.3}{Trayectorias del Caso de Uso}{section.2.1}% 7
\BOOKMARK [1][-]{section.2.2}{CU2.1A Registrar libro}{chapter.2}% 8
\BOOKMARK [2][-]{subsection.2.2.1}{Descripci\363n completa}{section.2.2}% 9
\BOOKMARK [2][-]{subsection.2.2.2}{Atributos importantes}{section.2.2}% 10
\BOOKMARK [2][-]{subsection.2.2.3}{Trayectorias del Caso de Uso}{section.2.2}% 11
\BOOKMARK [1][-]{section.2.3}{CU2.1B Registrar TT}{chapter.2}% 12
\BOOKMARK [2][-]{subsection.2.3.1}{Descripci\363n completa}{section.2.3}% 13
\BOOKMARK [2][-]{subsection.2.3.2}{Atributos importantes}{section.2.3}% 14
\BOOKMARK [2][-]{subsection.2.3.3}{Trayectorias del Caso de Uso}{section.2.3}% 15
\BOOKMARK [1][-]{section.2.4}{CU2.1C Registrar Equipo Audiovisual}{chapter.2}% 16
\BOOKMARK [2][-]{subsection.2.4.1}{Descripci\363n completa}{section.2.4}% 17
\BOOKMARK [2][-]{subsection.2.4.2}{Atributos importantes}{section.2.4}% 18
\BOOKMARK [2][-]{subsection.2.4.3}{Trayectorias del Caso de Uso}{section.2.4}% 19
\BOOKMARK [1][-]{section.2.5}{CU2.1D Registrar equipo de Computo}{chapter.2}% 20
\BOOKMARK [2][-]{subsection.2.5.1}{Descripci\363n completa}{section.2.5}% 21
\BOOKMARK [2][-]{subsection.2.5.2}{Atributos importantes}{section.2.5}% 22
\BOOKMARK [2][-]{subsection.2.5.3}{Trayectorias del Caso de Uso}{section.2.5}% 23
\BOOKMARK [1][-]{section.2.6}{CU2.4 Consultar material}{chapter.2}% 24
\BOOKMARK [2][-]{subsection.2.6.1}{Descripci\363n completa}{section.2.6}% 25
\BOOKMARK [2][-]{subsection.2.6.2}{Atributos importantes}{section.2.6}% 26
\BOOKMARK [2][-]{subsection.2.6.3}{Trayectorias del Caso de Uso}{section.2.6}% 27
\BOOKMARK [1][-]{section.2.7}{CU2.4A Consultar libro}{chapter.2}% 28
\BOOKMARK [2][-]{subsection.2.7.1}{Descripci\363n completa}{section.2.7}% 29
\BOOKMARK [2][-]{subsection.2.7.2}{Atributos importantes}{section.2.7}% 30
\BOOKMARK [2][-]{subsection.2.7.3}{Trayectorias del Caso de Uso}{section.2.7}% 31
\BOOKMARK [1][-]{section.2.8}{CU2.4B Consultar TT}{chapter.2}% 32
\BOOKMARK [2][-]{subsection.2.8.1}{Descripci\363n completa}{section.2.8}% 33
\BOOKMARK [2][-]{subsection.2.8.2}{Atributos importantes}{section.2.8}% 34
\BOOKMARK [2][-]{subsection.2.8.3}{Trayectorias del Caso de Uso}{section.2.8}% 35
\BOOKMARK [1][-]{section.2.9}{CU2.4C Consultar Equipo Audiovisual}{chapter.2}% 36
\BOOKMARK [2][-]{subsection.2.9.1}{Descripci\363n completa}{section.2.9}% 37
\BOOKMARK [2][-]{subsection.2.9.2}{Atributos importantes}{section.2.9}% 38
\BOOKMARK [2][-]{subsection.2.9.3}{Trayectorias del Caso de Uso}{section.2.9}% 39
\BOOKMARK [1][-]{section.2.10}{CU2.4D Consultar Equipo de C\363mputo}{chapter.2}% 40
\BOOKMARK [2][-]{subsection.2.10.1}{Descripci\363n completa}{section.2.10}% 41
\BOOKMARK [2][-]{subsection.2.10.2}{Atributos importantes}{section.2.10}% 42
\BOOKMARK [2][-]{subsection.2.10.3}{Trayectorias del Caso de Uso}{section.2.10}% 43
\BOOKMARK [1][-]{section.2.11}{CU2.1 Eliminar material}{chapter.2}% 44
\BOOKMARK [2][-]{subsection.2.11.1}{Descripci\363n completa}{section.2.11}% 45
\BOOKMARK [2][-]{subsection.2.11.2}{Atributos importantes}{section.2.11}% 46
\BOOKMARK [2][-]{subsection.2.11.3}{Trayectorias del Caso de Uso}{section.2.11}% 47
\BOOKMARK [1][-]{section.2.12}{CU2.5A Eliminar libro}{chapter.2}% 48
\BOOKMARK [2][-]{subsection.2.12.1}{Descripci\363n completa}{section.2.12}% 49
\BOOKMARK [2][-]{subsection.2.12.2}{Atributos importantes}{section.2.12}% 50
\BOOKMARK [2][-]{subsection.2.12.3}{Trayectorias del Caso de Uso}{section.2.12}% 51
\BOOKMARK [1][-]{section.2.13}{CU2.5B Eliminar TT}{chapter.2}% 52
\BOOKMARK [2][-]{subsection.2.13.1}{Descripci\363n completa}{section.2.13}% 53
\BOOKMARK [2][-]{subsection.2.13.2}{Atributos importantes}{section.2.13}% 54
\BOOKMARK [2][-]{subsection.2.13.3}{Trayectorias del Caso de Uso}{section.2.13}% 55
\BOOKMARK [1][-]{section.2.14}{CU2.5C Eliminar equipo audiovisual}{chapter.2}% 56
\BOOKMARK [2][-]{subsection.2.14.1}{Descripci\363n completa}{section.2.14}% 57
\BOOKMARK [2][-]{subsection.2.14.2}{Atributos importantes}{section.2.14}% 58
\BOOKMARK [2][-]{subsection.2.14.3}{Trayectorias del Caso de Uso}{section.2.14}% 59
\BOOKMARK [1][-]{section.2.15}{CU2.5D Eliminar Equipo de C\363mputo}{chapter.2}% 60
\BOOKMARK [2][-]{subsection.2.15.1}{Descripci\363n completa}{section.2.15}% 61
\BOOKMARK [2][-]{subsection.2.15.2}{Atributos importantes}{section.2.15}% 62
\BOOKMARK [2][-]{subsection.2.15.3}{Trayectorias del Caso de Uso}{section.2.15}% 63
\BOOKMARK [1][-]{section.2.16}{CU2.6 Modificar material}{chapter.2}% 64
\BOOKMARK [2][-]{subsection.2.16.1}{Descripci\363n completa}{section.2.16}% 65
\BOOKMARK [2][-]{subsection.2.16.2}{Atributos importantes}{section.2.16}% 66
\BOOKMARK [2][-]{subsection.2.16.3}{Trayectorias del Caso de Uso}{section.2.16}% 67
\BOOKMARK [1][-]{section.2.17}{CU2.6A Modificar libro}{chapter.2}% 68
\BOOKMARK [2][-]{subsection.2.17.1}{Descripci\363n completa}{section.2.17}% 69
\BOOKMARK [2][-]{subsection.2.17.2}{Atributos importantes}{section.2.17}% 70
\BOOKMARK [2][-]{subsection.2.17.3}{Trayectorias del Caso de Uso}{section.2.17}% 71
\BOOKMARK [1][-]{section.2.18}{CU2.6B Modificar material}{chapter.2}% 72
\BOOKMARK [2][-]{subsection.2.18.1}{Descripci\363n completa}{section.2.18}% 73
\BOOKMARK [2][-]{subsection.2.18.2}{Atributos importantes}{section.2.18}% 74
\BOOKMARK [2][-]{subsection.2.18.3}{Trayectorias del Caso de Uso}{section.2.18}% 75
\BOOKMARK [1][-]{section.2.19}{CU2.1C Modificar Equipo Audiovisual}{chapter.2}% 76
\BOOKMARK [2][-]{subsection.2.19.1}{Descripci\363n completa}{section.2.19}% 77
\BOOKMARK [2][-]{subsection.2.19.2}{Atributos importantes}{section.2.19}% 78
\BOOKMARK [2][-]{subsection.2.19.3}{Trayectorias del Caso de Uso}{section.2.19}% 79
\BOOKMARK [1][-]{section.2.20}{CU2.6D Modificar equipo de Computo}{chapter.2}% 80
\BOOKMARK [2][-]{subsection.2.20.1}{Descripci\363n completa}{section.2.20}% 81
\BOOKMARK [2][-]{subsection.2.20.2}{Atributos importantes}{section.2.20}% 82
\BOOKMARK [2][-]{subsection.2.20.3}{Trayectorias del Caso de Uso}{section.2.20}% 83
\BOOKMARK [2][-]{subsection.2.20.4}{IU2 Pantalla Principal de Control de Inventario}{section.2.20}% 84
\BOOKMARK [2][-]{subsection.2.20.5}{IU2.1A Pantalla de Consultar Libros}{section.2.20}% 85
\BOOKMARK [2][-]{subsection.2.20.6}{IU2.1B Pantalla de Consultar TT}{section.2.20}% 86
\BOOKMARK [2][-]{subsection.2.20.7}{IU2.1C Pantalla de Registrar Equipo audiovisual}{section.2.20}% 87
\BOOKMARK [2][-]{subsection.2.20.8}{IU2.1D Pantalla de Registrar Equipo de computo}{section.2.20}% 88
\BOOKMARK [2][-]{subsection.2.20.9}{IU2.1A1 Pantalla de Registrar Libro}{section.2.20}% 89
\BOOKMARK [2][-]{subsection.2.20.10}{IU2.1B1 Pantalla de Registrar TT}{section.2.20}% 90
\BOOKMARK [2][-]{subsection.2.20.11}{UI2.x Modificar o eliminar}{section.2.20}% 91
\BOOKMARK [2][-]{subsection.2.20.12}{UI2.x Consultar catalogo del libro}{section.2.20}% 92
\BOOKMARK [2][-]{subsection.2.20.13}{IU2.3ca Pantalla de Consultar Libros}{section.2.20}% 93
\BOOKMARK [2][-]{subsection.2.20.14}{IU2.3ca1 Pantalla de Eliminar Libro}{section.2.20}% 94
\BOOKMARK [2][-]{subsection.2.20.15}{IU2.3cc Pantalla de Consultar Equipo audiovisual}{section.2.20}% 95
\BOOKMARK [2][-]{subsection.2.20.16}{IU2.3cc1 Pantalla de Eliminar Equipo Audiovisual}{section.2.20}% 96
\BOOKMARK [1][-]{section.2.21}{Catalogo de Mensajes}{chapter.2}% 97
